The file '/home/users14/ja425322/526L/MLP/vcdplus.vpd' was opened successfully.
Warning: [AD-MDTS] Active drivers analysis is not possible
  Missing dump for signal 'MLP_tb.UUT.OutputLayer.neuron_bias' at time 
  '12050'.
  Active driver analysis will not be done.
  Please dump this signal if you want active drivers analysis to be performed.
sdb'
Error: [DVDB062] 
A read error was received while loading values from the database.
This can occur when the '.vpd' has been rebuilt on a separate machine.
Please click OK to reload the database and recover.
2 drivers (2 possibly active statements) found for signal: MLP_tb.UUT.OutputLayer.neuron_bias[31:0]
The file '/home/users14/ja425322/526L/MLP/vcdplus.vpd' was opened successfully.
Error: [DVDB062] 
A read error was received while loading values from the database.
This can occur when the '.vpd' has been rebuilt on a separate machine.
Please click OK to reload the database and recover.
The file '/home/users14/ja425322/526L/MLP/vcdplus.vpd' was opened successfully.
Warning: [AD-MDTS] Active drivers analysis is not possible
  Missing dump for signal 'MLP_tb.UUT.InputLayer.AddResult' at time '59460'.
  Active driver analysis will not be done.
  Please dump this signal if you want active drivers analysis to be performed.
2 drivers (2 possibly active statements) found for signal: MLP_tb.UUT.InputLayer.AddResult[31:0]
Error: [FHDB-ERR_FILE_READ] File I/O read failed.
  A file I/O error occurred when attempting to read data from the VPD/FSDB 
  file causing this application to abort. Errno condition: "Stale file 
  handle".
  This may indicate the application writing the VPD/FSDB file failed 
  unexpectedly resulting in a corrupted VPD/FSDB file or there may be OS 
  issues that caused the file read to fail. Please try regenerating the 
  VPD/FSDB file.
---------------------------------------------

The tool has just exited abnormally:


Release = 'U-2023.03-SP1_Full64'  Architecture = 'linux64'  Program = 'DVE'

'36136496 36171234 36172718 140197848171177'

---------------------------------------------
=======================DVE Context and Call Stack=========================

An unexpected termination has occurred in /opt/synopsys/vcs/U-2023.03-SP1/gui/dve/linux64/bin/dve.exeHostname dcd131.csun.edu

Tcl="gui_dl_get_selected -id DriverLoad.1 -signals " 
Tcl="gui_enable_add_signal 1 " 
Tcl="gui_get_drivers -id Wave.1 -signal MLP_tb.UUT.InputLayer.AddResult[31:0] " 
Tcl="gui_eval_and_log_cmd gui_get_drivers -id Wave.1 -signal MLP_tb.UUT.InputLayer.AddResult[31:0] " 
Tcl="gui_show_drivers -signal MLP_tb.UUT.InputLayer.AddResult[31:0] " 
Command line: /opt/synopsys/vcs/U-2023.03-SP1/gui/dve/linux64/bin/dve.exe -full64

--- Stack trace follows:
[New LWP 1412116]
BFD: warning: /lib64/libz.so.1: unsupported GNU_PROPERTY_TYPE (5) type: 0xc0000002
BFD: warning: /lib64/libpthread.so.0: unsupported GNU_PROPERTY_TYPE (5) type: 0xc0000002
BFD: warning: /lib64/libX11.so.6: unsupported GNU_PROPERTY_TYPE (5) type: 0xc0000002
BFD: warning: /lib64/libXext.so.6: unsupported GNU_PROPERTY_TYPE (5) type: 0xc0000002
BFD: warning: /lib64/libSM.so.6: unsupported GNU_PROPERTY_TYPE (5) type: 0xc0000002
BFD: warning: /lib64/libICE.so.6: unsupported GNU_PROPERTY_TYPE (5) type: 0xc0000002
BFD: warning: /lib64/libm.so.6: unsupported GNU_PROPERTY_TYPE (5) type: 0xc0000002
BFD: warning: /lib64/libdl.so.2: unsupported GNU_PROPERTY_TYPE (5) type: 0xc0000002
BFD: warning: /lib64/libc.so.6: unsupported GNU_PROPERTY_TYPE (5) type: 0xc0000002
BFD: warning: /lib64/ld-linux-x86-64.so.2: unsupported GNU_PROPERTY_TYPE (5) type: 0xc0000002
BFD: warning: /lib64/libxcb.so.1: unsupported GNU_PROPERTY_TYPE (5) type: 0xc0000002
BFD: warning: /lib64/libuuid.so.1: unsupported GNU_PROPERTY_TYPE (5) type: 0xc0000002
BFD: warning: /lib64/libXau.so.6: unsupported GNU_PROPERTY_TYPE (5) type: 0xc0000002
BFD: warning: /lib64/libudev.so.1: unsupported GNU_PROPERTY_TYPE (5) type: 0xc0000002
BFD: warning: /lib64/libmount.so.1: unsupported GNU_PROPERTY_TYPE (5) type: 0xc0000002
BFD: warning: /lib64/libgcc_s.so.1: unsupported GNU_PROPERTY_TYPE (5) type: 0xc0000002
BFD: warning: /lib64/libblkid.so.1: unsupported GNU_PROPERTY_TYPE (5) type: 0xc0000002
BFD: warning: /lib64/libselinux.so.1: unsupported GNU_PROPERTY_TYPE (5) type: 0xc0000002
BFD: warning: /lib64/librt.so.1: unsupported GNU_PROPERTY_TYPE (5) type: 0xc0000002
BFD: warning: /lib64/libpcre2-8.so.0: unsupported GNU_PROPERTY_TYPE (5) type: 0xc0000002
BFD: warning: /lib64/libdbus-glib-1.so.2: unsupported GNU_PROPERTY_TYPE (5) type: 0xc0000002
BFD: warning: /lib64/libdbus-1.so.3: unsupported GNU_PROPERTY_TYPE (5) type: 0xc0000002
BFD: warning: /lib64/libgio-2.0.so.0: unsupported GNU_PROPERTY_TYPE (5) type: 0xc0000002
BFD: warning: /lib64/libgobject-2.0.so.0: unsupported GNU_PROPERTY_TYPE (5) type: 0xc0000002
BFD: warning: /lib64/libglib-2.0.so.0: unsupported GNU_PROPERTY_TYPE (5) type: 0xc0000002
BFD: warning: /lib64/libsystemd.so.0: unsupported GNU_PROPERTY_TYPE (5) type: 0xc0000002
BFD: warning: /lib64/libgmodule-2.0.so.0: unsupported GNU_PROPERTY_TYPE (5) type: 0xc0000002
BFD: warning: /lib64/libgnutls.so.30: unsupported GNU_PROPERTY_TYPE (5) type: 0xc0000002
BFD: warning: /lib64/libpcre.so.1: unsupported GNU_PROPERTY_TYPE (5) type: 0xc0000002
BFD: warning: /lib64/libresolv.so.2: unsupported GNU_PROPERTY_TYPE (5) type: 0xc0000002
BFD: warning: /lib64/liblzma.so.5: unsupported GNU_PROPERTY_TYPE (5) type: 0xc0000002
BFD: warning: /lib64/liblz4.so.1: unsupported GNU_PROPERTY_TYPE (5) type: 0xc0000002
BFD: warning: /lib64/libcap.so.2: unsupported GNU_PROPERTY_TYPE (5) type: 0xc0000002
BFD: warning: /lib64/libgcrypt.so.20: unsupported GNU_PROPERTY_TYPE (5) type: 0xc0000002
BFD: warning: /lib64/libp11-kit.so.0: unsupported GNU_PROPERTY_TYPE (5) type: 0xc0000002
BFD: warning: /lib64/libidn2.so.0: unsupported GNU_PROPERTY_TYPE (5) type: 0xc0000002
BFD: warning: /lib64/libunistring.so.2: unsupported GNU_PROPERTY_TYPE (5) type: 0xc0000002
BFD: warning: /lib64/libtasn1.so.6: unsupported GNU_PROPERTY_TYPE (5) type: 0xc0000002
BFD: warning: /lib64/libnettle.so.6: unsupported GNU_PROPERTY_TYPE (5) type: 0xc0000002
BFD: warning: /lib64/libhogweed.so.4: unsupported GNU_PROPERTY_TYPE (5) type: 0xc0000002
BFD: warning: /lib64/libgmp.so.10: unsupported GNU_PROPERTY_TYPE (5) type: 0xc0000002
BFD: warning: /lib64/libgpg-error.so.0: unsupported GNU_PROPERTY_TYPE (5) type: 0xc0000002
BFD: warning: /lib64/libXcursor.so.1: unsupported GNU_PROPERTY_TYPE (5) type: 0xc0000002
BFD: warning: /lib64/libXrender.so.1: unsupported GNU_PROPERTY_TYPE (5) type: 0xc0000002
BFD: warning: /lib64/libXfixes.so.3: unsupported GNU_PROPERTY_TYPE (5) type: 0xc0000002

warning: Could not load shared library symbols for /tmp/libmdb.1411841.so.deBGXA.
Do you need "set solib-search-path" or "set sysroot"?

warning: Cannot parse .gnu_debugdata section; LZMA support was disabled at compile time
[Thread debugging using libthread_db enabled]
Using host libthread_db library "/lib64/libthread_db.so.1".

warning: Cannot parse .gnu_debugdata section; LZMA support was disabled at compile time

warning: Cannot parse .gnu_debugdata section; LZMA support was disabled at compile time

warning: Cannot parse .gnu_debugdata section; LZMA support was disabled at compile time

warning: Cannot parse .gnu_debugdata section; LZMA support was disabled at compile time

warning: Cannot parse .gnu_debugdata section; LZMA support was disabled at compile time

warning: Cannot parse .gnu_debugdata section; LZMA support was disabled at compile time

warning: Cannot parse .gnu_debugdata section; LZMA support was disabled at compile time

warning: Cannot parse .gnu_debugdata section; LZMA support was disabled at compile time

warning: Cannot parse .gnu_debugdata section; LZMA support was disabled at compile time

warning: Cannot parse .gnu_debugdata section; LZMA support was disabled at compile time

warning: Cannot parse .gnu_debugdata section; LZMA support was disabled at compile time

warning: Cannot parse .gnu_debugdata section; LZMA support was disabled at compile time

warning: Cannot parse .gnu_debugdata section; LZMA support was disabled at compile time

warning: Cannot parse .gnu_debugdata section; LZMA support was disabled at compile time

warning: Cannot parse .gnu_debugdata section; LZMA support was disabled at compile time

warning: Cannot parse .gnu_debugdata section; LZMA support was disabled at compile time

warning: Cannot parse .gnu_debugdata section; LZMA support was disabled at compile time

warning: Cannot parse .gnu_debugdata section; LZMA support was disabled at compile time

warning: Cannot parse .gnu_debugdata section; LZMA support was disabled at compile time

warning: Cannot parse .gnu_debugdata section; LZMA support was disabled at compile time

warning: Cannot parse .gnu_debugdata section; LZMA support was disabled at compile time

warning: Cannot parse .gnu_debugdata section; LZMA support was disabled at compile time

warning: Cannot parse .gnu_debugdata section; LZMA support was disabled at compile time

warning: Cannot parse .gnu_debugdata section; LZMA support was disabled at compile time

warning: Cannot parse .gnu_debugdata section; LZMA support was disabled at compile time

warning: Cannot parse .gnu_debugdata section; LZMA support was disabled at compile time

warning: Cannot parse .gnu_debugdata section; LZMA support was disabled at compile time

warning: Cannot parse .gnu_debugdata section; LZMA support was disabled at compile time

warning: Cannot parse .gnu_debugdata section; LZMA support was disabled at compile time

warning: Cannot parse .gnu_debugdata section; LZMA support was disabled at compile time

warning: Cannot parse .gnu_debugdata section; LZMA support was disabled at compile time

warning: Cannot parse .gnu_debugdata section; LZMA support was disabled at compile time

warning: Cannot parse .gnu_debugdata section; LZMA support was disabled at compile time

warning: Cannot parse .gnu_debugdata section; LZMA support was disabled at compile time

warning: Cannot parse .gnu_debugdata section; LZMA support was disabled at compile time

warning: Cannot parse .gnu_debugdata section; LZMA support was disabled at compile time

warning: Cannot parse .gnu_debugdata section; LZMA support was disabled at compile time

warning: Cannot parse .gnu_debugdata section; LZMA support was disabled at compile time

warning: Cannot parse .gnu_debugdata section; LZMA support was disabled at compile time

warning: Cannot parse .gnu_debugdata section; LZMA support was disabled at compile time
0x00007f825afac6c2 in waitpid () from /lib64/libc.so.6

Thread 2 (Thread 0x7f82548ab700 (LWP 1412116)):
#0  0x00007f825c6d57aa in pthread_cond_timedwait@@GLIBC_2.3.2 () from /lib64/libpthread.so.0
#1  0x0000000002bba38b in ?? ()
#2  0x0000000002bba851 in QThread::msleep(unsigned long) ()
#3  0x0000000001344893 in ag::dveXThread::run() ()
#4  0x0000000002bba54a in QThreadInstance::start(void*) ()
#5  0x00007f825c6cf1ca in start_thread () from /lib64/libpthread.so.0
#6  0x00007f825aeece73 in clone () from /lib64/libc.so.6

Thread 1 (Thread 0x7f825ea9b7c0 (LWP 1411841)):
#0  0x00007f825afac6c2 in waitpid () from /lib64/libc.so.6
#1  0x00007f825af0ece7 in do_system () from /lib64/libc.so.6
#2  0x00007f825e3da5c0 in SNPSle_10ee25eff68cd8461c9146fa1d0b35e87067f3c8015b313e639d2928478c79b3f673f99203bcf8be64600612100082236bffb2007f1e0ef9 () from /opt/synopsys/vcs/U-2023.03-SP1/linux64/lib/liberrorinf.so
#3  0x00007f825e3dabd0 in SNPSle_10ee25eff68cd8461c9146fa1d0b35e87067f3c8015b313e81c34e9ac4c8988ef4a6e067b3aa9271e9f15440f9e8f69e71727f1bc8d6ddca () from /opt/synopsys/vcs/U-2023.03-SP1/linux64/lib/liberrorinf.so
#4  0x00007f825e3dc1fa in SNPSle_10ee25eff68cd8461c9146fa1d0b35e87067f3c8015b313efba706aab251478fa49e66610e453774633a6c152e7ef778f93045171fb3645d () from /opt/synopsys/vcs/U-2023.03-SP1/linux64/lib/liberrorinf.so
#5  0x00007f825e3d4363 in SNPSle_d35ca1ff70d465c2b9b1a72eee90a50630165806651fae96c1bbda5b5d02066c () from /opt/synopsys/vcs/U-2023.03-SP1/linux64/lib/liberrorinf.so
#6  0x000000000227ed9b in ag::logErrorMessage(ag::errorType, QString const&, bool) ()
#7  0x000000000227f3ae in ?? ()
#8  0x00007f825af042a9 in __run_exit_handlers () from /lib64/libc.so.6
#9  0x00007f825af043a0 in exit () from /lib64/libc.so.6
#10 0x00007f825e71a029 in SNPSle_bf0d61c3fadaba80b566e58f5c04bc30b1a36076e47d8d8a () from /opt/synopsys/vcs/U-2023.03-SP1/linux64/lib/libhflib.so
#11 0x00007f825e64dabc in SNPSle_662c7e7a22f6d13850f26275cec7b125ece3b8b6337f921fb79f646628eace47e266ce75555b7103 () from /opt/synopsys/vcs/U-2023.03-SP1/linux64/lib/libhflib.so
#12 0x00007f825e6057fc in SNPSle_f64e727fde53c50cf32854cefa806c2785264c20efc6f3aa () from /opt/synopsys/vcs/U-2023.03-SP1/linux64/lib/libhflib.so
#13 0x00007f825e5ebcca in SNPSle_2d2fd458016b400992fd9ab2a0fdb32ce4260519f2267c0d75f1fd6ba959e1cfb909613bd638ab7454046259df32282dba17b966373529eb8c60bafa79304086d6d3c5102adcc02c () from /opt/synopsys/vcs/U-2023.03-SP1/linux64/lib/libhflib.so
#14 0x00007f825e5ee022 in SNPSle_2d2fd458016b400992fd9ab2a0fdb32c6f2b844c48b17d83df25b9e183b1601bee55d6829cbd16f320fdd5ef41ed8b40507b3cd523561a430ea48b1012386f73ade201d47d2de403c79c27cf7a97e1669573370d35e1857d () from /opt/synopsys/vcs/U-2023.03-SP1/linux64/lib/libhflib.so
#15 0x00007f825e5ee14a in SNPSle_2d2fd458016b40091440d223d498268aa254c09b6b8ebd2c85f663914c00ec949387b982aa59f5ddeee03769aa003a27 () from /opt/synopsys/vcs/U-2023.03-SP1/linux64/lib/libhflib.so
#16 0x00007f825e5e0eac in SNPSle_2d2fd458016b4009011b4e28906103fefb0bf8c59f9eac831695bab6bbd4fc7469a06e026c65e15b192fa0f4252c87c0 () from /opt/synopsys/vcs/U-2023.03-SP1/linux64/lib/libhflib.so
#17 0x00007f825e5c81be in SNPSle_2d2fd458016b4009cc77f49b0e43bc98da027ad471f98d879130cc234e82f2e2a790519a38a3163a () from /opt/synopsys/vcs/U-2023.03-SP1/linux64/lib/libhflib.so
#18 0x00007f825e603101 in SNPSle_adb5e3a5cc560eb2cc2b632d94646a1031eb06abb9979c5a681c9251e4560894 () from /opt/synopsys/vcs/U-2023.03-SP1/linux64/lib/libhflib.so
#19 0x00007f825e61ee50 in SNPSle_b84345238f4ccb43fa2fe239d3c70faa7c94470258b18f4f () from /opt/synopsys/vcs/U-2023.03-SP1/linux64/lib/libhflib.so
#20 0x000000000201659b in ag::hfVariable::getSubtypeString(ag::infHandle*) const ()
#21 0x0000000001f0d754 in ag::metaObjListener::createVariableMetaObj(ag::metaParentObj*, ag::infHandle*, bool, unsigned int) ()
#22 0x0000000001ed777a in ag::metaDbObj::createChild(ag::infHandle*, bool) ()
#23 0x0000000001f72a36 in ag::metaScope::createLocalObject(QString const&, ag::infHandle*, bool) ()
#24 0x0000000001ff80b7 in ag::metaNameFetch::getLocalChild(ag::metaParentObj*, QString const&) ()
#25 0x0000000001ff8a25 in ag::metaNameFetch::getCurrentChild() ()
#26 0x0000000001f3b072 in ag::metaParentObj::getChildByName(QString const&, ag::infLanguage*, bool, bool) ()
#27 0x0000000001eef66a in ag::metaDesign::getChildByName(QString const&, ag::infLanguage*, bool, bool) ()
#28 0x00000000017ef526 in ag::signalLineParser::getSignalList(QStringList*, int) ()
#29 0x000000000174bbb3 in ag::TraceQListViewItem::getSignalList(QStringList*, int) ()
#30 0x000000000174bd3c in ag::DriverLoadInfoListContainer::getSignalList(QStringList*, QListViewItem*) ()
#31 0x000000000151668e in ag::gui_dl_get_selected_cmd(void*, cci_interp_s*, ll_list_s*) ()
#32 0x0000000002938718 in cci_check_command ()
#33 0x0000000002ae873f in TclInvokeStringCommand ()
#34 0x0000000002ae9d62 in TclEvalObjvInternal ()
#35 0x0000000002b0e7e9 in ?? ()
#36 0x0000000002b13246 in TclCompEvalObj ()
#37 0x0000000002b37470 in TclObjInterpProc ()
#38 0x0000000002ae9d62 in TclEvalObjvInternal ()
#39 0x0000000002aeabab in Tcl_EvalObjv ()
#40 0x0000000002aead0e in Tcl_EvalObjEx ()
#41 0x0000000002b37a67 in Tcl_UplevelObjCmd ()
#42 0x0000000002ae9d62 in TclEvalObjvInternal ()
#43 0x0000000002b0e7e9 in ?? ()
#44 0x0000000002b13246 in TclCompEvalObj ()
#45 0x0000000002aead64 in Tcl_EvalObjEx ()
#46 0x0000000002af12fb in Tcl_CatchObjCmd ()
#47 0x0000000002ae9d62 in TclEvalObjvInternal ()
#48 0x0000000002b0e7e9 in ?? ()
#49 0x0000000002b13246 in TclCompEvalObj ()
#50 0x0000000002b37470 in TclObjInterpProc ()
#51 0x0000000002ae9d62 in TclEvalObjvInternal ()
#52 0x0000000002aeabab in Tcl_EvalObjv ()
#53 0x0000000002b26dc9 in ?? ()
#54 0x0000000002ae9d62 in TclEvalObjvInternal ()
#55 0x0000000002aea0af in Tcl_EvalEx ()
#56 0x0000000002aea810 in Tcl_EvalTokensStandard ()
#57 0x0000000002aea032 in Tcl_EvalEx ()
#58 0x000000000293496b in ?? ()
#59 0x00000000025002b8 in ek_exec_cci_command_2(EkTclObjHandle&, cci_interp_s*, char const*, int, int, int, int, int, int, int) ()
#60 0x00000000024fad82 in EkTclShellExecImpl::simpleExec(QString const&, QString*, bool, bool) ()
#61 0x000000000249ea4a in EkActionMgrImpl::checkActionState(EkAction*, QWidget*) ()
#62 0x0000000002491693 in EkActionMgrImpl::xUpdateToolBtnHavingDropMenu(TToolBtnWithBuddyArrow*, QWidget*, bool) ()
#63 0x0000000002491b70 in EkActionMgrImpl::xUpdateEachToolBar(TToolBarInst*, QWidget*) ()
#64 0x0000000002491fb7 in EkActionMgrImpl::updateToolBars(QWidget*) ()
#65 0x0000000001463bb4 in dveActionMgrImpl::updateToolBars(QWidget*) ()
#66 0x0000000002491bc1 in EkActionMgrImpl::updateToolBars() ()
#67 0x0000000001463bef in dveActionMgrImpl::updateToolBars() ()
#68 0x00000000017588b0 in ag::DriverLoadInfoList::populateDialog(bool, bool) ()
#69 0x000000000175a4ad in ag::DriverLoadInfoList::processDriversOrLoads(QString const&, ag::metaBaseObj*, bool, bool, bool, bool) ()
#70 0x000000000175a951 in ag::DriverLoadInfoList::findDrivers(QString, char*, char*, bool, bool, bool, bool) ()
#71 0x000000000151363a in ?? ()
#72 0x00000000015138d4 in ag::gui_get_drivers_cmd(void*, cci_interp_s*, ll_list_s*) ()
#73 0x0000000002938718 in cci_check_command ()
#74 0x0000000002ae873f in TclInvokeStringCommand ()
#75 0x0000000002ae9d62 in TclEvalObjvInternal ()
#76 0x0000000002aea0af in Tcl_EvalEx ()
#77 0x0000000002aead33 in Tcl_EvalObjEx ()
#78 0x0000000002af0dfe in Tcl_EvalObjCmd ()
#79 0x0000000002ae9d62 in TclEvalObjvInternal ()
#80 0x0000000002b0e7e9 in ?? ()
#81 0x0000000002b13246 in TclCompEvalObj ()
#82 0x0000000002b37470 in TclObjInterpProc ()
#83 0x0000000002ae9d62 in TclEvalObjvInternal ()
#84 0x0000000002aeabab in Tcl_EvalObjv ()
#85 0x0000000002aead0e in Tcl_EvalObjEx ()
#86 0x0000000002b37a67 in Tcl_UplevelObjCmd ()
#87 0x0000000002ae9d62 in TclEvalObjvInternal ()
#88 0x0000000002b0e7e9 in ?? ()
#89 0x0000000002b13246 in TclCompEvalObj ()
#90 0x0000000002aead64 in Tcl_EvalObjEx ()
#91 0x0000000002af12fb in Tcl_CatchObjCmd ()
#92 0x0000000002ae9d62 in TclEvalObjvInternal ()
#93 0x0000000002b0e7e9 in ?? ()
#94 0x0000000002b13246 in TclCompEvalObj ()
#95 0x0000000002b37470 in TclObjInterpProc ()
#96 0x0000000002ae9d62 in TclEvalObjvInternal ()
#97 0x0000000002aeabab in Tcl_EvalObjv ()
#98 0x0000000002b26dc9 in ?? ()
#99 0x0000000002ae9d62 in TclEvalObjvInternal ()
#100 0x0000000002b0e7e9 in ?? ()
#101 0x0000000002b13246 in TclCompEvalObj ()
#102 0x0000000002b37470 in TclObjInterpProc ()
#103 0x0000000002ae9d62 in TclEvalObjvInternal ()
#104 0x0000000002aeabab in Tcl_EvalObjv ()
#105 0x0000000002aead0e in Tcl_EvalObjEx ()
#106 0x0000000002b37a67 in Tcl_UplevelObjCmd ()
#107 0x0000000002ae9d62 in TclEvalObjvInternal ()
#108 0x0000000002b0e7e9 in ?? ()
#109 0x0000000002b13246 in TclCompEvalObj ()
#110 0x0000000002aead64 in Tcl_EvalObjEx ()
#111 0x0000000002af12fb in Tcl_CatchObjCmd ()
#112 0x0000000002ae9d62 in TclEvalObjvInternal ()
#113 0x0000000002b0e7e9 in ?? ()
#114 0x0000000002b13246 in TclCompEvalObj ()
#115 0x0000000002b37470 in TclObjInterpProc ()
#116 0x0000000002ae9d62 in TclEvalObjvInternal ()
#117 0x0000000002aeabab in Tcl_EvalObjv ()
#118 0x0000000002b26dc9 in ?? ()
#119 0x0000000002ae9d62 in TclEvalObjvInternal ()
#120 0x0000000002aea0af in Tcl_EvalEx ()
#121 0x000000000293496b in ?? ()
#122 0x00000000025002b8 in ek_exec_cci_command_2(EkTclObjHandle&, cci_interp_s*, char const*, int, int, int, int, int, int, int) ()
#123 0x00000000024faf6f in EkTclShellExecImpl::TExecCommandIF::runCommand(QString&) ()
#124 0x00000000025036ff in EkShellExecutionImpl::TExecCommand::run() ()
#125 0x0000000002501cdc in EkShellExecutionImpl::startRun(EkShellExecutionImpl::TExecCommand*, EkTriState, EkTriState) ()
#126 0x0000000002501f5b in EkShellExecutionImpl::executeSync(QString const&, bool, bool, bool, QString*, EkShellDefs::TCmdSrc, bool, EkTriState, EkTriState, bool) ()
#127 0x000000000228212e in utilEkShellImpl::executeSync(QString const&, bool, bool, bool, QString*, EkShellDefs::TCmdSrc, bool, EkTriState, EkTriState, bool) ()
#128 0x00000000013a97b4 in ag::ovaShell::executeCmdWithFlags(QString const&, EkShellDefs::TMsgSeverity&, QString&, bool, bool, bool) ()
#129 0x000000000147f17d in ag::wndConsole::slotExecuteCmdWithFlags(QString const&, bool, bool, bool, bool) ()
#130 0x0000000002283d3d in ag::utilFastTcl::invoke(bool, bool, bool, bool, bool, bool) ()
#131 0x00000000016e6384 in ag::wvScrollView::processWaveObjectDoubleClicked(ag::metaParentObj*, ag::baseListViewItem*) ()
#132 0x00000000017405b9 in ag::wvScrollView::qt_invoke(int, QUObject*) ()
#133 0x0000000002c0ca1d in QObject::activate_signal(QConnectionList*, QUObject*) ()
#134 0x00000000017403ad in ag::wvScrollView::waveObjectDoubleClicked(ag::metaParentObj*, ag::baseListViewItem*) ()
#135 0x0000000001740c6d in ag::wvScrollView::emitWaveObjectDoubleClicked(ag::metaParentObj*, ag::baseListViewItem*) ()
#136 0x00000000016e8c12 in ag::wvScrollView::contentsMouseDoubleClickEvent(QMouseEvent*) ()
#137 0x0000000002ce8f67 in QScrollView::viewportMouseDoubleClickEvent(QMouseEvent*) ()
#138 0x0000000002ce97d7 in QScrollView::eventFilter(QObject*, QEvent*) ()
#139 0x0000000002c0b584 in QObject::activate_filters(QEvent*) ()
#140 0x0000000002c0b5f8 in QObject::event(QEvent*) ()
#141 0x0000000002c3671a in QWidget::event(QEvent*) ()
#142 0x0000000002bc041d in QApplication::internalNotify(QObject*, QEvent*) ()
#143 0x0000000002bc0789 in QApplication::notify(QObject*, QEvent*) ()
#144 0x00000000022f4151 in EkExtQtApp::notify(QObject*, QEvent*) ()
#145 0x00000000022c4969 in ag::baseQtApp::notify(QObject*, QEvent*) ()
#146 0x0000000002b78215 in QETWidget::translateMouseEvent(_XEvent const*) ()
#147 0x0000000002b76d44 in QApplication::x11ProcessEvent(_XEvent*) ()
#148 0x0000000002b84cef in QEventLoop::processEvents(unsigned int) ()
#149 0x00000000013907b6 in ag::ovaEventLoop::processEvents(unsigned int) ()
#150 0x0000000002bd0839 in QEventLoop::enterLoop() ()
#151 0x0000000002bd07ba in QEventLoop::exec() ()
#152 0x0000000001390222 in run_cci_event_loop ()
#153 0x0000000001346a3e in ag::ovaAppInst::enterEventLoop(int, char**) ()
#154 0x0000000000e8b464 in main ()

Process VmPeak: 801984 kb, VmSize: 757684 kb
System Free Memory: 1190788 kb, System Free Swap: 1012732 kb

Completed context dump data
==========================================================================
