The file '/home/users14/ja425322/526L/MLP/vcdplus.vpd' was opened successfully.
Warning: [AD-MDTS] Active drivers analysis is not possible
  Missing dump for signal 'dense_tb.UUT.outputs' at time '22424'.
  Active driver analysis will not be done.
  Please dump this signal if you want active drivers analysis to be performed.
sdb'
Error: [DVDB062] 
A read error was received while loading values from the database.
This can occur when the '.vpd' has been rebuilt on a separate machine.
Please click OK to reload the database and recover.
1 driver (1 possibly active statement) found for signal: dense_tb.UUT.outputs[0:3][31:0]
The file '/home/users14/ja425322/526L/MLP/vcdplus.vpd' was opened successfully.
Warning: [AD-MDTS] Active drivers analysis is not possible
  Missing dump for signal 'dense_tb.UUT.end_weights' at time '43650'.
  Active driver analysis will not be done.
  Please dump this signal if you want active drivers analysis to be performed.
2 drivers (2 possibly active statements) found for signal: dense_tb.UUT.end_weights[31:0]
Error: [DVDB062] 
A read error was received while loading values from the database.
This can occur when the '.vpd' has been rebuilt on a separate machine.
Please click OK to reload the database and recover.
The file '/home/users14/ja425322/526L/MLP/vcdplus.vpd' was opened successfully.
Warning: [DVDP402] 
None of the children of the object 'dense_tb.UUT.outputs[0:3][31:0]' were dumped.
Warning: [AD-MDTS] Active drivers analysis is not possible
  Missing dump for signal 'dense_tb.UUT.neuron' at time '64850'.
  Active driver analysis will not be done.
  Please dump this signal if you want active drivers analysis to be performed.
2 drivers (2 possibly active statements) found for signal: dense_tb.UUT.neuron[31:0]
Error: [DVDB062] 
A read error was received while loading values from the database.
This can occur when the '.vpd' has been rebuilt on a separate machine.
Please click OK to reload the database and recover.
The file '/home/users14/ja425322/526L/MLP/vcdplus.vpd' was opened successfully.
Warning: [AD-MDTS] Active drivers analysis is not possible
  Missing dump for signal 'dense_tb.UUT.myReset' at time '45550'.
  Active driver analysis will not be done.
  Please dump this signal if you want active drivers analysis to be performed.
3 drivers (3 possibly active statements) found for signal: dense_tb.UUT.myReset
Error: [DVDB062] 
A read error was received while loading values from the database.
This can occur when the '.vpd' has been rebuilt on a separate machine.
Please click OK to reload the database and recover.
The file '/home/users14/ja425322/526L/MLP/vcdplus.vpd' was opened successfully.
