# Preference setting overrides
gui_create_pref_key -category {Globals} -key {load_detail_for_funcov} -value_type {bool} -value {false}
gui_create_pref_category -category {schem_obj_name}
gui_create_pref_key -category {schem_obj_name} -key {show_cell_and_pin_with_symbol_name} -value_type {bool} -value {false}
gui_create_pref_key -category {schem_pin_hc} -key {textExtFont} -value_type {string} -value {Helvetica,10,-1,5,50,0,0,0,0,0}

# State setting overrides
gui_state_default_create -off -ini
gui_set_state_value -category Globals -key recent_databases -value {{gui_open_db -file /home/users14/ja425322/526L/MLP/vcdplus.vpd -design V1} {gui_open_db -file /home/users14/ja425322/526L/MLP/vcdplus.vpd -design V2} {gui_open_db -file /home/users14/ja425322/526L/Lab9/vcdplus.vpd -design V1} {gui_open_db -file /home/users14/ja425322/526L/Lab8/vcdplus.vpd -design V1} {gui_open_db -file /home/users14/ja425322/526L/Lab8/vcdplus.vpd -design V2}}
gui_set_state_value -category Layout -key child_console_size_x -value 1704
gui_set_state_value -category Layout -key child_console_size_y -value 158
gui_set_state_value -category Layout -key child_data_coltype -value 117
gui_set_state_value -category Layout -key child_data_colvalue -value 119
gui_set_state_value -category Layout -key child_data_colvariable -value 164
gui_set_state_value -category Layout -key child_data_size_x -value 406
gui_set_state_value -category Layout -key child_data_size_y -value 632
gui_set_state_value -category Layout -key child_driver_size_x -value 1432
gui_set_state_value -category Layout -key child_driver_size_y -value 179
gui_set_state_value -category Layout -key child_hier_col3 -value {-1}
gui_set_state_value -category Layout -key child_hier_colpd -value 0
gui_set_state_value -category Layout -key child_hier_size_x -value 150
gui_set_state_value -category Layout -key child_hier_size_y -value 632
gui_set_state_value -category Layout -key child_hier_sort_order -value 1
gui_set_state_value -category Layout -key child_list_down -value 203
gui_set_state_value -category Layout -key child_list_right -value 444
gui_set_state_value -category Layout -key child_memory_docknewline -value false
gui_set_state_value -category Layout -key child_memory_pos_x -value {-2}
gui_set_state_value -category Layout -key child_memory_pos_y -value {-15}
gui_set_state_value -category Layout -key child_memory_size_x -value 1361
gui_set_state_value -category Layout -key child_memory_size_y -value 767
gui_set_state_value -category Layout -key child_schematic_docknewline -value false
gui_set_state_value -category Layout -key child_schematic_pos_x -value {-2}
gui_set_state_value -category Layout -key child_schematic_pos_y -value {-15}
gui_set_state_value -category Layout -key child_schematic_size_x -value 1192
gui_set_state_value -category Layout -key child_schematic_size_y -value 509
gui_set_state_value -category Layout -key child_source_docknewline -value false
gui_set_state_value -category Layout -key child_source_pos_x -value {-2}
gui_set_state_value -category Layout -key child_source_pos_y -value {-15}
gui_set_state_value -category Layout -key child_source_size_x -value 1151
gui_set_state_value -category Layout -key child_source_size_y -value 627
gui_set_state_value -category Layout -key child_wave_colname -value 222
gui_set_state_value -category Layout -key child_wave_colvalue -value 222
gui_set_state_value -category Layout -key child_wave_left -value 448
gui_set_state_value -category Layout -key child_wave_right -value 1094
gui_set_state_value -category Layout -key main_pos_x -value 2686
gui_set_state_value -category Layout -key main_pos_y -value 70
gui_set_state_value -category Layout -key main_size_x -value 4390
gui_set_state_value -category Layout -key main_size_y -value 956
gui_set_state_value -category Layout -key stand_list_child_docknewline -value false
gui_set_state_value -category Layout -key stand_list_child_pos_x -value {-2}
gui_set_state_value -category Layout -key stand_list_child_pos_y -value {-15}
gui_set_state_value -category Layout -key stand_list_child_size_x -value 604
gui_set_state_value -category Layout -key stand_list_child_size_y -value 348
gui_set_state_value -category Layout -key stand_list_top_pos_x -value 3376
gui_set_state_value -category Layout -key stand_list_top_pos_y -value 245
gui_set_state_value -category Layout -key stand_list_top_size_x -value 3975
gui_set_state_value -category Layout -key stand_list_top_size_y -value 744
gui_set_state_value -category Layout -key stand_memory_child_docknewline -value false
gui_set_state_value -category Layout -key stand_memory_child_pos_x -value {-2}
gui_set_state_value -category Layout -key stand_memory_child_pos_y -value {-15}
gui_set_state_value -category Layout -key stand_memory_child_size_x -value 1360
gui_set_state_value -category Layout -key stand_memory_child_size_y -value 767
gui_set_state_value -category Layout -key stand_wave_child_docknewline -value false
gui_set_state_value -category Layout -key stand_wave_child_pos_x -value {-2}
gui_set_state_value -category Layout -key stand_wave_child_pos_y -value {-15}
gui_set_state_value -category Layout -key stand_wave_child_size_x -value 1552
gui_set_state_value -category Layout -key stand_wave_child_size_y -value 682
gui_set_state_value -category Layout -key stand_wave_top_pos_x -value 44
gui_set_state_value -category Layout -key stand_wave_top_pos_y -value 107
gui_set_state_value -category Layout -key stand_wave_top_size_x -value 1591
gui_set_state_value -category Layout -key stand_wave_top_size_y -value 893
gui_create_state_key -category FindDialog -key m_pMatchCase -value_type bool -value false
gui_create_state_key -category FindDialog -key m_pMatchWord -value_type bool -value false
gui_create_state_key -category FindDialog -key m_pUseCombo -value_type string -value {}
gui_create_state_key -category FindDialog -key m_pWrapAround -value_type bool -value true
gui_state_default_create -off

# Begin command logging
gui_open_db -file /home/users14/ja425322/526L/MLP/vcdplus.vpd -design V1
gui_list_select -id Hier.1 -current_item_name tb_DotProduct -current_item_type Scope  -selected  { tb_DotProduct   }
gui_list_expand -id  Hier.1   tb_DotProduct
gui_list_select -id Hier.1 -current_item_name tb_DotProduct.uut -current_item_type Scope  -selected  { tb_DotProduct.uut   }
gui_list_select -id Data.1 -selected  { {tb_DotProduct.uut.result[31:0]}   }
gui_list_select -id Data.1 -selected  { {tb_DotProduct.uut.result[31:0]}  tb_DotProduct.uut.end_flag   }
gui_list_select -id Data.1 -selected  { {tb_DotProduct.uut.result[31:0]}  tb_DotProduct.uut.end_flag  {tb_DotProduct.uut.vector_a[0:49][31:0]}   }
gui_list_select -id Data.1 -selected  { {tb_DotProduct.uut.result[31:0]}  tb_DotProduct.uut.end_flag  {tb_DotProduct.uut.vector_a[0:49][31:0]}  {tb_DotProduct.uut.vector_b[0:49][31:0]}   }
gui_list_select -id Data.1 -selected  { {tb_DotProduct.uut.result[31:0]}  tb_DotProduct.uut.end_flag  {tb_DotProduct.uut.vector_a[0:49][31:0]}  {tb_DotProduct.uut.vector_b[0:49][31:0]}  tb_DotProduct.uut.CLK   }
gui_list_select -id Data.1 -selected  { {tb_DotProduct.uut.result[31:0]}  tb_DotProduct.uut.end_flag  {tb_DotProduct.uut.vector_a[0:49][31:0]}  {tb_DotProduct.uut.vector_b[0:49][31:0]}  tb_DotProduct.uut.CLK  tb_DotProduct.uut.reset   }
gui_list_select -id Data.1 -selected  { {tb_DotProduct.uut.result[31:0]}  tb_DotProduct.uut.end_flag  {tb_DotProduct.uut.vector_a[0:49][31:0]}  {tb_DotProduct.uut.vector_b[0:49][31:0]}  tb_DotProduct.uut.CLK  tb_DotProduct.uut.reset  {tb_DotProduct.uut.A[31:0]}   }
gui_list_select -id Data.1 -selected  { {tb_DotProduct.uut.result[31:0]}  tb_DotProduct.uut.end_flag  {tb_DotProduct.uut.vector_a[0:49][31:0]}  {tb_DotProduct.uut.vector_b[0:49][31:0]}  tb_DotProduct.uut.CLK  tb_DotProduct.uut.reset  {tb_DotProduct.uut.A[31:0]}  {tb_DotProduct.uut.B[31:0]}   }
gui_list_select -id Data.1 -selected  { {tb_DotProduct.uut.result[31:0]}  tb_DotProduct.uut.end_flag  {tb_DotProduct.uut.vector_a[0:49][31:0]}  {tb_DotProduct.uut.vector_b[0:49][31:0]}  tb_DotProduct.uut.CLK  tb_DotProduct.uut.reset  {tb_DotProduct.uut.A[31:0]}  {tb_DotProduct.uut.B[31:0]}  {tb_DotProduct.uut.sum[31:0]}   }
gui_list_select -id Data.1 -selected  { {tb_DotProduct.uut.result[31:0]}  tb_DotProduct.uut.end_flag  {tb_DotProduct.uut.vector_a[0:49][31:0]}  {tb_DotProduct.uut.vector_b[0:49][31:0]}  tb_DotProduct.uut.CLK  tb_DotProduct.uut.reset  {tb_DotProduct.uut.A[31:0]}  {tb_DotProduct.uut.B[31:0]}  {tb_DotProduct.uut.sum[31:0]}  {tb_DotProduct.uut.i[31:0]}   }
gui_list_select -id Data.1 { {tb_DotProduct.uut.scaler[31:0]}   }
gui_list_select -id Data.1 { {tb_DotProduct.uut.acc_reg[31:0]}   }
gui_open_window Wave
gui_list_add -id Wave.1 -from Data.1 { {tb_DotProduct.uut.result[31:0]} tb_DotProduct.uut.end_flag {tb_DotProduct.uut.vector_a[0:49][31:0]} {tb_DotProduct.uut.vector_b[0:49][31:0]} tb_DotProduct.uut.CLK tb_DotProduct.uut.reset {tb_DotProduct.uut.A[31:0]} {tb_DotProduct.uut.B[31:0]} {tb_DotProduct.uut.sum[31:0]} {tb_DotProduct.uut.i[31:0]} {tb_DotProduct.uut.scaler[31:0]} {tb_DotProduct.uut.acc_reg[31:0]} } -insertionbar
gui_zoom -window Wave.1 -full
gui_wv_zoom_timerange -id  Wave.1 0 29859
gui_wv_zoom_timerange -id  Wave.1 10936 17531
gui_wv_zoom_timerange -id  Wave.1 11346 15753
gui_wv_zoom_timerange -id  Wave.1 12564 14301
gui_marker_move -id  Wave.1 C1 13190
gui_list_select -id Wave.1 -selected  { {tb_DotProduct.uut.A[31:0]}   }
gui_list_set_selected_property -id Wave.1 -radix Hex2Float_BigEndian
gui_list_select -id Wave.1 -selected  { {tb_DotProduct.uut.B[31:0]}   }
gui_list_set_selected_property -id Wave.1 -radix Hex2Float_BigEndian
gui_marker_move -id  Wave.1 C1 14239
gui_wv_scroll_hslidermove -id  Wave.1 13162
gui_list_select -id Hier.1 -current_item_name tb_DotProduct.uut -current_item_type Scope  -selected  {  }
gui_close_window -window TopLevel.2
