Command: /home/users14/ja425322/526L/Lab2/./simv -l full_adder.log
Chronologic VCS simulator copyright 1991-2023
Contains Synopsys proprietary information.
Compiler version U-2023.03-SP1_Full64; Runtime version U-2023.03-SP1_Full64;  Sep 21 18:09 2024
VCD+ Writer U-2023.03-SP1_Full64 Copyright (c) 1991-2023 by Synopsys Inc.
                   0: A = x, B = x, Cin = x | Cout = x, S = x
                  15: A = 0, B = 0, Cin = 0 | Cout = 0, S = 0
                  30: A = 0, B = 1, Cin = 0 | Cout = 0, S = 1
                  45: A = 1, B = 0, Cin = 0 | Cout = 0, S = 1
                  60: A = 1, B = 1, Cin = 0 | Cout = 1, S = 0
                  75: A = 0, B = 0, Cin = 1 | Cout = 0, S = 1
                  90: A = 0, B = 1, Cin = 1 | Cout = 1, S = 0
                 105: A = 1, B = 0, Cin = 1 | Cout = 1, S = 0
                 120: A = 1, B = 1, Cin = 1 | Cout = 1, S = 1
$finish called from file "full_adder_tb.v", line 46.
$finish at simulation time                  135
           V C S   S i m u l a t i o n   R e p o r t 
Time: 135 ns
CPU Time:      0.180 seconds;       Data structure size:   0.0Mb
Sat Sep 21 18:09:37 2024